<?xml version="1.0" encoding="UTF-8"?>
<!-- Generated by org.testng.reporters.JUnitReportReporter -->
<testsuite name="TestSuites.PassedScenario" tests="1" time="13.311" ignored="0" failures="0" timestamp="01 Jan 2020 12:29:07 GMT" skipped="0" hostname="DESKTOP-A2MP4R1" errors="0">
  <testcase name="PassedCase" time="13.311" classname="TestSuites.PassedScenario"/>
</testsuite> <!-- TestSuites.PassedScenario -->
